0 info it worked if it ends with ok
1 verbose cli [ '/usr/local/bin/node', '/usr/local/bin/npm', 'start' ]
2 info using npm@1.4.9
3 info using node@v0.10.28
4 verbose node symlink /usr/local/bin/node
5 verbose run-script [ 'prestart', 'start', 'poststart' ]
6 info prestart com.yad.blog@0.0.1
7 info start com.yad.blog@0.0.1
8 verbose unsafe-perm in lifecycle true
9 info com.yad.blog@0.0.1 Failed to exec start script
10 error com.yad.blog@0.0.1 start: `node ../webapp/server/main.js`
10 error Exit status 8
11 error Failed at the com.yad.blog@0.0.1 start script.
11 error This is most likely a problem with the com.yad.blog package,
11 error not with npm itself.
11 error Tell the author that this fails on your system:
11 error     node ../webapp/server/main.js
11 error You can get their info via:
11 error     npm owner ls com.yad.blog
11 error There is likely additional logging output above.
12 error System Linux 3.2.0-4-amd64
13 error command "/usr/local/bin/node" "/usr/local/bin/npm" "start"
14 error cwd /src/com.yad.blog/bin
15 error node -v v0.10.28
16 error npm -v 1.4.9
17 error code ELIFECYCLE
18 verbose exit [ 1, true ]
